<?xml version="1.0" encoding="UTF-8"?>
<!-- Generated by org.testng.reporters.JUnitXMLReporter -->
<testsuite ignored="2" hostname="DESKTOP-957OH7M" failures="0" tests="1" name="Car loan" time="0.065" errors="0" timestamp="2025-02-20T11:52:29 IST">
  <testcase classname="test.Day1" name="WebloginCarloan" time="0.015"/>
  <testcase classname="test.Day1" name="MobileloginCarloan" time="0.0">
    <ignored/>
  </testcase> <!-- MobileloginCarloan -->
  <testcase classname="test.Day1" name="LoginAPICarloan" time="0.0">
    <ignored/>
  </testcase> <!-- LoginAPICarloan -->
</testsuite> <!-- Car loan -->
