<?xml version="1.0" encoding="UTF-8"?>
<!-- Generated by org.testng.reporters.JUnitXMLReporter -->
<testsuite ignored="1" hostname="DESKTOP-957OH7M" failures="0" tests="2" name="Home loan" time="0.011" errors="0" timestamp="2025-02-20T11:52:29 IST">
  <testcase classname="test.Day4" name="LoginAPIHomeloan" time="0.003"/>
  <testcase classname="test.Day4" name="WebloginHomeloan" time="0.002"/>
  <testcase classname="test.Day4" name="MobileloginHomeloan" time="0.0">
    <ignored/>
  </testcase> <!-- MobileloginHomeloan -->
</testsuite> <!-- Home loan -->
