<?xml version="1.0" encoding="UTF-8"?>
<!-- Generated by org.testng.reporters.JUnitXMLReporter -->
<testsuite ignored="0" hostname="DESKTOP-957OH7M" failures="0" tests="3" name="personal loan" time="0.075" errors="0" timestamp="2025-02-20T11:11:16 IST">
  <testcase classname="test.TestNGTutorial" name="Demo" time="0.017"/>
  <testcase classname="test.TestNGTutorial" name="Demo1" time="0.002"/>
  <testcase classname="test.TestNGDay2" name="demo3" time="0.001"/>
</testsuite> <!-- personal loan -->
